The system is: FreeBSD - 12.1-RELEASE-p10 - amd64
Compiling the C compiler identification source file "CMakeCCompilerId.c" succeeded.
Compiler: /usr/bin/cc 
Build flags: -O2;-pipe;-fstack-protector-strong;-fno-strict-aliasing
Id flags:  

The output was:
0


Compilation of the C compiler identification source "CMakeCCompilerId.c" produced "a.out"

The C compiler identification is Clang, found in "/usr/home/mpizarro/devel/ports/databases/apache-orc/CMakeFiles/3.18.2/CompilerIdC/a.out"

Compiling the CXX compiler identification source file "CMakeCXXCompilerId.cpp" succeeded.
Compiler: /usr/bin/c++ 
Build flags: -O2;-pipe;-fstack-protector-strong;-fno-strict-aliasing
Id flags:  

The output was:
0


Compilation of the CXX compiler identification source "CMakeCXXCompilerId.cpp" produced "a.out"

The CXX compiler identification is Clang, found in "/usr/home/mpizarro/devel/ports/databases/apache-orc/CMakeFiles/3.18.2/CompilerIdCXX/a.out"

Detecting C compiler ABI info compiled with the following output:
Change Dir: /usr/home/mpizarro/devel/ports/databases/apache-orc/CMakeFiles/CMakeTmp

Run Build Command(s):/usr/local/bin/ninja cmTC_5e362 && [1/2] Building C object CMakeFiles/cmTC_5e362.dir/CMakeCCompilerABI.c.o
FreeBSD clang version 8.0.1 (tags/RELEASE_801/final 366581) (based on LLVM 8.0.1)
Target: x86_64-unknown-freebsd12.1
Thread model: posix
InstalledDir: /usr/bin
 "/.bastille/usr/bin/cc" -cc1 -triple x86_64-unknown-freebsd12.1 -emit-obj -disable-free -disable-llvm-verifier -discard-value-names -main-file-name CMakeCCompilerABI.c -mrelocation-model static -mthread-model posix -mdisable-fp-elim -relaxed-aliasing -masm-verbose -mconstructor-aliases -munwind-tables -fuse-init-array -target-cpu x86-64 -dwarf-column-info -debugger-tuning=gdb -v -coverage-notes-file /usr/home/mpizarro/devel/ports/databases/apache-orc/CMakeFiles/CMakeTmp/CMakeFiles/cmTC_5e362.dir/CMakeCCompilerABI.c.gcno -resource-dir /.bastille/usr/lib/clang/8.0.1 -dependency-file CMakeFiles/cmTC_5e362.dir/CMakeCCompilerABI.c.o.d -sys-header-deps -MT CMakeFiles/cmTC_5e362.dir/CMakeCCompilerABI.c.o -O2 -fdebug-compilation-dir /usr/home/mpizarro/devel/ports/databases/apache-orc/CMakeFiles/CMakeTmp -ferror-limit 19 -fmessage-length 0 -stack-protector 2 -fobjc-runtime=gnustep -fdiagnostics-show-option -vectorize-loops -vectorize-slp -o CMakeFiles/cmTC_5e362.dir/CMakeCCompilerABI.c.o -x c /usr/local/share/cmake/Modules/CMakeCCompilerABI.c -faddrsig
clang -cc1 version 8.0.1 based upon LLVM 8.0.1 default target x86_64-unknown-freebsd12.1
#include "..." search starts here:
#include <...> search starts here:
 /.bastille/usr/lib/clang/8.0.1/include
 /usr/include
End of search list.
[2/2] Linking C executable cmTC_5e362
FreeBSD clang version 8.0.1 (tags/RELEASE_801/final 366581) (based on LLVM 8.0.1)
Target: x86_64-unknown-freebsd12.1
Thread model: posix
InstalledDir: /usr/bin
 "/usr/bin/ld" --eh-frame-hdr -dynamic-linker /libexec/ld-elf.so.1 --hash-style=both --enable-new-dtags -o cmTC_5e362 /usr/lib/crt1.o /usr/lib/crti.o /usr/lib/crtbegin.o -L/usr/lib CMakeFiles/cmTC_5e362.dir/CMakeCCompilerABI.c.o -lgcc --as-needed -lgcc_s --no-as-needed -lc -lgcc --as-needed -lgcc_s --no-as-needed /usr/lib/crtend.o /usr/lib/crtn.o



Parsed C implicit include dir info from above output: rv=done
  found start of include info
  found start of implicit include info
    add: [/.bastille/usr/lib/clang/8.0.1/include]
    add: [/usr/include]
  end of search list found
  collapse include dir [/.bastille/usr/lib/clang/8.0.1/include] ==> [/.bastille/usr/lib/clang/8.0.1/include]
  collapse include dir [/usr/include] ==> [/usr/include]
  implicit include dirs: [/.bastille/usr/lib/clang/8.0.1/include;/usr/include]


Parsed C implicit link information from above output:
  link line regex: [^( *|.*[/\])(ld|CMAKE_LINK_STARTFILE-NOTFOUND|([^/\]+-)?ld|collect2)[^/\]*( |$)]
  ignore line: [Change Dir: /usr/home/mpizarro/devel/ports/databases/apache-orc/CMakeFiles/CMakeTmp]
  ignore line: []
  ignore line: [Run Build Command(s):/usr/local/bin/ninja cmTC_5e362 && [1/2] Building C object CMakeFiles/cmTC_5e362.dir/CMakeCCompilerABI.c.o]
  ignore line: [FreeBSD clang version 8.0.1 (tags/RELEASE_801/final 366581) (based on LLVM 8.0.1)]
  ignore line: [Target: x86_64-unknown-freebsd12.1]
  ignore line: [Thread model: posix]
  ignore line: [InstalledDir: /usr/bin]
  ignore line: [ "/.bastille/usr/bin/cc" -cc1 -triple x86_64-unknown-freebsd12.1 -emit-obj -disable-free -disable-llvm-verifier -discard-value-names -main-file-name CMakeCCompilerABI.c -mrelocation-model static -mthread-model posix -mdisable-fp-elim -relaxed-aliasing -masm-verbose -mconstructor-aliases -munwind-tables -fuse-init-array -target-cpu x86-64 -dwarf-column-info -debugger-tuning=gdb -v -coverage-notes-file /usr/home/mpizarro/devel/ports/databases/apache-orc/CMakeFiles/CMakeTmp/CMakeFiles/cmTC_5e362.dir/CMakeCCompilerABI.c.gcno -resource-dir /.bastille/usr/lib/clang/8.0.1 -dependency-file CMakeFiles/cmTC_5e362.dir/CMakeCCompilerABI.c.o.d -sys-header-deps -MT CMakeFiles/cmTC_5e362.dir/CMakeCCompilerABI.c.o -O2 -fdebug-compilation-dir /usr/home/mpizarro/devel/ports/databases/apache-orc/CMakeFiles/CMakeTmp -ferror-limit 19 -fmessage-length 0 -stack-protector 2 -fobjc-runtime=gnustep -fdiagnostics-show-option -vectorize-loops -vectorize-slp -o CMakeFiles/cmTC_5e362.dir/CMakeCCompilerABI.c.o -x c /usr/local/share/cmake/Modules/CMakeCCompilerABI.c -faddrsig]
  ignore line: [clang -cc1 version 8.0.1 based upon LLVM 8.0.1 default target x86_64-unknown-freebsd12.1]
  ignore line: [#include "..." search starts here:]
  ignore line: [#include <...> search starts here:]
  ignore line: [ /.bastille/usr/lib/clang/8.0.1/include]
  ignore line: [ /usr/include]
  ignore line: [End of search list.]
  ignore line: [[2/2] Linking C executable cmTC_5e362]
  ignore line: [FreeBSD clang version 8.0.1 (tags/RELEASE_801/final 366581) (based on LLVM 8.0.1)]
  ignore line: [Target: x86_64-unknown-freebsd12.1]
  ignore line: [Thread model: posix]
  ignore line: [InstalledDir: /usr/bin]
  link line: [ "/usr/bin/ld" --eh-frame-hdr -dynamic-linker /libexec/ld-elf.so.1 --hash-style=both --enable-new-dtags -o cmTC_5e362 /usr/lib/crt1.o /usr/lib/crti.o /usr/lib/crtbegin.o -L/usr/lib CMakeFiles/cmTC_5e362.dir/CMakeCCompilerABI.c.o -lgcc --as-needed -lgcc_s --no-as-needed -lc -lgcc --as-needed -lgcc_s --no-as-needed /usr/lib/crtend.o /usr/lib/crtn.o]
    arg [/usr/bin/ld] ==> ignore
    arg [--eh-frame-hdr] ==> ignore
    arg [-dynamic-linker] ==> ignore
    arg [/libexec/ld-elf.so.1] ==> ignore
    arg [--hash-style=both] ==> ignore
    arg [--enable-new-dtags] ==> ignore
    arg [-o] ==> ignore
    arg [cmTC_5e362] ==> ignore
    arg [/usr/lib/crt1.o] ==> ignore
    arg [/usr/lib/crti.o] ==> ignore
    arg [/usr/lib/crtbegin.o] ==> ignore
    arg [-L/usr/lib] ==> dir [/usr/lib]
    arg [CMakeFiles/cmTC_5e362.dir/CMakeCCompilerABI.c.o] ==> ignore
    arg [-lgcc] ==> lib [gcc]
    arg [--as-needed] ==> ignore
    arg [-lgcc_s] ==> lib [gcc_s]
    arg [--no-as-needed] ==> ignore
    arg [-lc] ==> lib [c]
    arg [-lgcc] ==> lib [gcc]
    arg [--as-needed] ==> ignore
    arg [-lgcc_s] ==> lib [gcc_s]
    arg [--no-as-needed] ==> ignore
    arg [/usr/lib/crtend.o] ==> ignore
    arg [/usr/lib/crtn.o] ==> ignore
  collapse library dir [/usr/lib] ==> [/usr/lib]
  implicit libs: [gcc;gcc_s;c;gcc;gcc_s]
  implicit dirs: [/usr/lib]
  implicit fwks: []


Detecting CXX compiler ABI info compiled with the following output:
Change Dir: /usr/home/mpizarro/devel/ports/databases/apache-orc/CMakeFiles/CMakeTmp

Run Build Command(s):/usr/local/bin/ninja cmTC_058da && [1/2] Building CXX object CMakeFiles/cmTC_058da.dir/CMakeCXXCompilerABI.cpp.o
FreeBSD clang version 8.0.1 (tags/RELEASE_801/final 366581) (based on LLVM 8.0.1)
Target: x86_64-unknown-freebsd12.1
Thread model: posix
InstalledDir: /usr/bin
 "/.bastille/usr/bin/c++" -cc1 -triple x86_64-unknown-freebsd12.1 -emit-obj -disable-free -disable-llvm-verifier -discard-value-names -main-file-name CMakeCXXCompilerABI.cpp -mrelocation-model static -mthread-model posix -mdisable-fp-elim -relaxed-aliasing -masm-verbose -mconstructor-aliases -munwind-tables -fuse-init-array -target-cpu x86-64 -dwarf-column-info -debugger-tuning=gdb -v -coverage-notes-file /usr/home/mpizarro/devel/ports/databases/apache-orc/CMakeFiles/CMakeTmp/CMakeFiles/cmTC_058da.dir/CMakeCXXCompilerABI.cpp.gcno -resource-dir /.bastille/usr/lib/clang/8.0.1 -dependency-file CMakeFiles/cmTC_058da.dir/CMakeCXXCompilerABI.cpp.o.d -sys-header-deps -MT CMakeFiles/cmTC_058da.dir/CMakeCXXCompilerABI.cpp.o -internal-isystem /usr/include/c++/v1 -O2 -fdeprecated-macro -fdebug-compilation-dir /usr/home/mpizarro/devel/ports/databases/apache-orc/CMakeFiles/CMakeTmp -ferror-limit 19 -fmessage-length 0 -stack-protector 2 -fobjc-runtime=gnustep -fcxx-exceptions -fexceptions -fdiagnostics-show-option -vectorize-loops -vectorize-slp -o CMakeFiles/cmTC_058da.dir/CMakeCXXCompilerABI.cpp.o -x c++ /usr/local/share/cmake/Modules/CMakeCXXCompilerABI.cpp -faddrsig
clang -cc1 version 8.0.1 based upon LLVM 8.0.1 default target x86_64-unknown-freebsd12.1
#include "..." search starts here:
#include <...> search starts here:
 /usr/include/c++/v1
 /.bastille/usr/lib/clang/8.0.1/include
 /usr/include
End of search list.
[2/2] Linking CXX executable cmTC_058da
FreeBSD clang version 8.0.1 (tags/RELEASE_801/final 366581) (based on LLVM 8.0.1)
Target: x86_64-unknown-freebsd12.1
Thread model: posix
InstalledDir: /usr/bin
 "/usr/bin/ld" --eh-frame-hdr -dynamic-linker /libexec/ld-elf.so.1 --hash-style=both --enable-new-dtags -o cmTC_058da /usr/lib/crt1.o /usr/lib/crti.o /usr/lib/crtbegin.o -L/usr/lib CMakeFiles/cmTC_058da.dir/CMakeCXXCompilerABI.cpp.o -lc++ -lm -lgcc --as-needed -lgcc_s --no-as-needed -lc -lgcc --as-needed -lgcc_s --no-as-needed /usr/lib/crtend.o /usr/lib/crtn.o



Parsed CXX implicit include dir info from above output: rv=done
  found start of include info
  found start of implicit include info
    add: [/usr/include/c++/v1]
    add: [/.bastille/usr/lib/clang/8.0.1/include]
    add: [/usr/include]
  end of search list found
  collapse include dir [/usr/include/c++/v1] ==> [/usr/include/c++/v1]
  collapse include dir [/.bastille/usr/lib/clang/8.0.1/include] ==> [/.bastille/usr/lib/clang/8.0.1/include]
  collapse include dir [/usr/include] ==> [/usr/include]
  implicit include dirs: [/usr/include/c++/v1;/.bastille/usr/lib/clang/8.0.1/include;/usr/include]


Parsed CXX implicit link information from above output:
  link line regex: [^( *|.*[/\])(ld|CMAKE_LINK_STARTFILE-NOTFOUND|([^/\]+-)?ld|collect2)[^/\]*( |$)]
  ignore line: [Change Dir: /usr/home/mpizarro/devel/ports/databases/apache-orc/CMakeFiles/CMakeTmp]
  ignore line: []
  ignore line: [Run Build Command(s):/usr/local/bin/ninja cmTC_058da && [1/2] Building CXX object CMakeFiles/cmTC_058da.dir/CMakeCXXCompilerABI.cpp.o]
  ignore line: [FreeBSD clang version 8.0.1 (tags/RELEASE_801/final 366581) (based on LLVM 8.0.1)]
  ignore line: [Target: x86_64-unknown-freebsd12.1]
  ignore line: [Thread model: posix]
  ignore line: [InstalledDir: /usr/bin]
  ignore line: [ "/.bastille/usr/bin/c++" -cc1 -triple x86_64-unknown-freebsd12.1 -emit-obj -disable-free -disable-llvm-verifier -discard-value-names -main-file-name CMakeCXXCompilerABI.cpp -mrelocation-model static -mthread-model posix -mdisable-fp-elim -relaxed-aliasing -masm-verbose -mconstructor-aliases -munwind-tables -fuse-init-array -target-cpu x86-64 -dwarf-column-info -debugger-tuning=gdb -v -coverage-notes-file /usr/home/mpizarro/devel/ports/databases/apache-orc/CMakeFiles/CMakeTmp/CMakeFiles/cmTC_058da.dir/CMakeCXXCompilerABI.cpp.gcno -resource-dir /.bastille/usr/lib/clang/8.0.1 -dependency-file CMakeFiles/cmTC_058da.dir/CMakeCXXCompilerABI.cpp.o.d -sys-header-deps -MT CMakeFiles/cmTC_058da.dir/CMakeCXXCompilerABI.cpp.o -internal-isystem /usr/include/c++/v1 -O2 -fdeprecated-macro -fdebug-compilation-dir /usr/home/mpizarro/devel/ports/databases/apache-orc/CMakeFiles/CMakeTmp -ferror-limit 19 -fmessage-length 0 -stack-protector 2 -fobjc-runtime=gnustep -fcxx-exceptions -fexceptions -fdiagnostics-show-option -vectorize-loops -vectorize-slp -o CMakeFiles/cmTC_058da.dir/CMakeCXXCompilerABI.cpp.o -x c++ /usr/local/share/cmake/Modules/CMakeCXXCompilerABI.cpp -faddrsig]
  ignore line: [clang -cc1 version 8.0.1 based upon LLVM 8.0.1 default target x86_64-unknown-freebsd12.1]
  ignore line: [#include "..." search starts here:]
  ignore line: [#include <...> search starts here:]
  ignore line: [ /usr/include/c++/v1]
  ignore line: [ /.bastille/usr/lib/clang/8.0.1/include]
  ignore line: [ /usr/include]
  ignore line: [End of search list.]
  ignore line: [[2/2] Linking CXX executable cmTC_058da]
  ignore line: [FreeBSD clang version 8.0.1 (tags/RELEASE_801/final 366581) (based on LLVM 8.0.1)]
  ignore line: [Target: x86_64-unknown-freebsd12.1]
  ignore line: [Thread model: posix]
  ignore line: [InstalledDir: /usr/bin]
  link line: [ "/usr/bin/ld" --eh-frame-hdr -dynamic-linker /libexec/ld-elf.so.1 --hash-style=both --enable-new-dtags -o cmTC_058da /usr/lib/crt1.o /usr/lib/crti.o /usr/lib/crtbegin.o -L/usr/lib CMakeFiles/cmTC_058da.dir/CMakeCXXCompilerABI.cpp.o -lc++ -lm -lgcc --as-needed -lgcc_s --no-as-needed -lc -lgcc --as-needed -lgcc_s --no-as-needed /usr/lib/crtend.o /usr/lib/crtn.o]
    arg [/usr/bin/ld] ==> ignore
    arg [--eh-frame-hdr] ==> ignore
    arg [-dynamic-linker] ==> ignore
    arg [/libexec/ld-elf.so.1] ==> ignore
    arg [--hash-style=both] ==> ignore
    arg [--enable-new-dtags] ==> ignore
    arg [-o] ==> ignore
    arg [cmTC_058da] ==> ignore
    arg [/usr/lib/crt1.o] ==> ignore
    arg [/usr/lib/crti.o] ==> ignore
    arg [/usr/lib/crtbegin.o] ==> ignore
    arg [-L/usr/lib] ==> dir [/usr/lib]
    arg [CMakeFiles/cmTC_058da.dir/CMakeCXXCompilerABI.cpp.o] ==> ignore
    arg [-lc++] ==> lib [c++]
    arg [-lm] ==> lib [m]
    arg [-lgcc] ==> lib [gcc]
    arg [--as-needed] ==> ignore
    arg [-lgcc_s] ==> lib [gcc_s]
    arg [--no-as-needed] ==> ignore
    arg [-lc] ==> lib [c]
    arg [-lgcc] ==> lib [gcc]
    arg [--as-needed] ==> ignore
    arg [-lgcc_s] ==> lib [gcc_s]
    arg [--no-as-needed] ==> ignore
    arg [/usr/lib/crtend.o] ==> ignore
    arg [/usr/lib/crtn.o] ==> ignore
  collapse library dir [/usr/lib] ==> [/usr/lib]
  implicit libs: [c++;m;gcc;gcc_s;c;gcc;gcc_s]
  implicit dirs: [/usr/lib]
  implicit fwks: []


Performing C++ SOURCE FILE Test ORC_CXX_HAS_INITIALIZER_LIST succeeded with the following output:
Change Dir: /usr/home/mpizarro/devel/ports/databases/apache-orc/CMakeFiles/CMakeTmp

Run Build Command(s):/usr/local/bin/ninja cmTC_d0365 && [1/2] Building CXX object CMakeFiles/cmTC_d0365.dir/src.cxx.o
[2/2] Linking CXX executable cmTC_d0365


Source file was:

    #include <initializer_list>
    struct A {
      A(std::initializer_list<int> list);
    };
    int main(int,char*[]){
    }
Performing C++ SOURCE FILE Test ORC_CXX_HAS_NOEXCEPT succeeded with the following output:
Change Dir: /usr/home/mpizarro/devel/ports/databases/apache-orc/CMakeFiles/CMakeTmp

Run Build Command(s):/usr/local/bin/ninja cmTC_d3655 && [1/2] Building CXX object CMakeFiles/cmTC_d3655.dir/src.cxx.o
[2/2] Linking CXX executable cmTC_d3655


Source file was:

    int main(int,char*[]) noexcept {
      return 0;
    }
Performing C++ SOURCE FILE Test ORC_CXX_HAS_NULLPTR succeeded with the following output:
Change Dir: /usr/home/mpizarro/devel/ports/databases/apache-orc/CMakeFiles/CMakeTmp

Run Build Command(s):/usr/local/bin/ninja cmTC_6289b && [1/2] Building CXX object CMakeFiles/cmTC_6289b.dir/src.cxx.o
[2/2] Linking CXX executable cmTC_6289b


Source file was:

    int main(int,char* argv[]){
      return argv[0] != nullptr;
    }
Performing C++ SOURCE FILE Test ORC_CXX_HAS_OVERRIDE succeeded with the following output:
Change Dir: /usr/home/mpizarro/devel/ports/databases/apache-orc/CMakeFiles/CMakeTmp

Run Build Command(s):/usr/local/bin/ninja cmTC_96d23 && [1/2] Building CXX object CMakeFiles/cmTC_96d23.dir/src.cxx.o
[2/2] Linking CXX executable cmTC_96d23


Source file was:

    struct A {
      virtual ~A();
      virtual void foo();
    };
    struct B: public A {
      virtual void foo() override;
    };
    int main(int,char*[]){
    }
Performing C++ SOURCE FILE Test ORC_CXX_HAS_UNIQUE_PTR succeeded with the following output:
Change Dir: /usr/home/mpizarro/devel/ports/databases/apache-orc/CMakeFiles/CMakeTmp

Run Build Command(s):/usr/local/bin/ninja cmTC_d9873 && [1/2] Building CXX object CMakeFiles/cmTC_d9873.dir/src.cxx.o
[2/2] Linking CXX executable cmTC_d9873


Source file was:

    #include<memory>
    int main(int,char* []){
      std::unique_ptr<int> ptr(new int);
    }
Performing C++ SOURCE FILE Test ORC_CXX_HAS_CSTDINT succeeded with the following output:
Change Dir: /usr/home/mpizarro/devel/ports/databases/apache-orc/CMakeFiles/CMakeTmp

Run Build Command(s):/usr/local/bin/ninja cmTC_2fd81 && [1/2] Building CXX object CMakeFiles/cmTC_2fd81.dir/src.cxx.o
[2/2] Linking CXX executable cmTC_2fd81


Source file was:

    #include <cstdint>
    int main(int, char*[]) { }
Performing C++ SOURCE FILE Test ORC_CXX_HAS_THREAD_LOCAL succeeded with the following output:
Change Dir: /usr/home/mpizarro/devel/ports/databases/apache-orc/CMakeFiles/CMakeTmp

Run Build Command(s):/usr/local/bin/ninja cmTC_4194c && [1/2] Building CXX object CMakeFiles/cmTC_4194c.dir/src.cxx.o
[2/2] Linking CXX executable cmTC_4194c


Source file was:

    #include <thread>
    int main(void) {
      thread_local int s;
      return s;
    }
Determining if the include file pthread.h exists passed with the following output:
Change Dir: /usr/home/mpizarro/devel/ports/databases/apache-orc/CMakeFiles/CMakeTmp

Run Build Command(s):/usr/local/bin/ninja cmTC_215e6 && [1/2] Building C object CMakeFiles/cmTC_215e6.dir/CheckIncludeFile.c.o
[2/2] Linking C executable cmTC_215e6



Performing C++ SOURCE FILE Test HAS_PREAD succeeded with the following output:
Change Dir: /usr/home/mpizarro/devel/ports/databases/apache-orc/CMakeFiles/CMakeTmp

Run Build Command(s):/usr/local/bin/ninja cmTC_7dead && [1/2] Building CXX object CMakeFiles/cmTC_7dead.dir/src.cxx.o
[2/2] Linking CXX executable cmTC_7dead


Source file was:

    #include<fcntl.h>
    #include<unistd.h>
    int main(int,char*[]){
      int f = open("/x/y", O_RDONLY);
      char buf[100];
      return pread(f, buf, 100, 1000) == 0;
    }
Performing C++ SOURCE FILE Test HAS_STRPTIME succeeded with the following output:
Change Dir: /usr/home/mpizarro/devel/ports/databases/apache-orc/CMakeFiles/CMakeTmp

Run Build Command(s):/usr/local/bin/ninja cmTC_7347a && [1/2] Building CXX object CMakeFiles/cmTC_7347a.dir/src.cxx.o
[2/2] Linking CXX executable cmTC_7347a


Source file was:

    #include<time.h>
    int main(int,char*[]){
      struct tm time2020;
      return !strptime("2020-02-02 12:34:56", "%Y-%m-%d %H:%M:%S", &time2020);
    }
Performing C++ SOURCE FILE Test HAS_STOLL succeeded with the following output:
Change Dir: /usr/home/mpizarro/devel/ports/databases/apache-orc/CMakeFiles/CMakeTmp

Run Build Command(s):/usr/local/bin/ninja cmTC_e3f11 && [1/2] Building CXX object CMakeFiles/cmTC_e3f11.dir/src.cxx.o
[2/2] Linking CXX executable cmTC_e3f11


Source file was:

    #include<string>
    int main(int,char* argv[]){
      return static_cast<int>(std::stoll(argv[0]));
    }
Performing C++ SOURCE FILE Test HAS_DIAGNOSTIC_PUSH succeeded with the following output:
Change Dir: /usr/home/mpizarro/devel/ports/databases/apache-orc/CMakeFiles/CMakeTmp

Run Build Command(s):/usr/local/bin/ninja cmTC_805db && [1/2] Building CXX object CMakeFiles/cmTC_805db.dir/src.cxx.o
[2/2] Linking CXX executable cmTC_805db


Source file was:

    #ifdef __clang__
      #pragma clang diagnostic push
      #pragma clang diagnostic ignored "-Wdeprecated"
      #pragma clang diagnostic pop
   #elif defined(__GNUC__)
      #pragma GCC diagnostic push
      #pragma GCC diagnostic ignored "-Wdeprecated"
      #pragma GCC diagnostic pop
   #elif defined(_MSC_VER)
      #pragma warning( push )
      #pragma warning( disable : 4996 )
      #pragma warning( pop )
   #else
     unknownCompiler!
   #endif
   int main(int, char *[]) {}
Performing C++ SOURCE FILE Test HAS_STD_ISNAN succeeded with the following output:
Change Dir: /usr/home/mpizarro/devel/ports/databases/apache-orc/CMakeFiles/CMakeTmp

Run Build Command(s):/usr/local/bin/ninja cmTC_0e1fc && [1/2] Building CXX object CMakeFiles/cmTC_0e1fc.dir/src.cxx.o
[2/2] Linking CXX executable cmTC_0e1fc


Source file was:

    #include<cmath>
    int main(int, char *[]) {
      return std::isnan(1.0f);
    }
Performing C++ SOURCE FILE Test HAS_STD_MUTEX succeeded with the following output:
Change Dir: /usr/home/mpizarro/devel/ports/databases/apache-orc/CMakeFiles/CMakeTmp

Run Build Command(s):/usr/local/bin/ninja cmTC_4e3d7 && [1/2] Building CXX object CMakeFiles/cmTC_4e3d7.dir/src.cxx.o
[2/2] Linking CXX executable cmTC_4e3d7


Source file was:

    #include<mutex>
    int main(int, char *[]) {
       std::mutex test_mutex;
       std::lock_guard<std::mutex> lock_mutex(test_mutex);
    }
Performing C++ SOURCE FILE Test HAS_DOUBLE_TO_STRING succeeded with the following output:
Change Dir: /usr/home/mpizarro/devel/ports/databases/apache-orc/CMakeFiles/CMakeTmp

Run Build Command(s):/usr/local/bin/ninja cmTC_718af && [1/2] Building CXX object CMakeFiles/cmTC_718af.dir/src.cxx.o
[2/2] Linking CXX executable cmTC_718af


Source file was:

    #include<string>
    int main(int, char *[]) {
      double d = 5;
      std::to_string(d);
    }
Performing C++ SOURCE FILE Test HAS_INT64_TO_STRING succeeded with the following output:
Change Dir: /usr/home/mpizarro/devel/ports/databases/apache-orc/CMakeFiles/CMakeTmp

Run Build Command(s):/usr/local/bin/ninja cmTC_b07cf && [1/2] Building CXX object CMakeFiles/cmTC_b07cf.dir/src.cxx.o
[2/2] Linking CXX executable cmTC_b07cf


Source file was:

    #include<cstdint>
    #include<string>
    int main(int, char *[]) {
      int64_t d = 5;
      std::to_string(d);
    }
Performing C++ SOURCE FILE Test HAS_CONSTEXPR succeeded with the following output:
Change Dir: /usr/home/mpizarro/devel/ports/databases/apache-orc/CMakeFiles/CMakeTmp

Run Build Command(s):/usr/local/bin/ninja cmTC_0709d && [1/2] Building CXX object CMakeFiles/cmTC_0709d.dir/src.cxx.o
[2/2] Linking CXX executable cmTC_0709d


Source file was:

  constexpr int foo(int x, int y) {
    return x+y;
  }
  int main(int, char*[]) {
    return foo(1,3);
  }
Performing C++ SOURCE FILE Test HAS_PRE_1970 succeeded with the following output:
Change Dir: /usr/home/mpizarro/devel/ports/databases/apache-orc/CMakeFiles/CMakeTmp

Run Build Command(s):/usr/local/bin/ninja cmTC_e8239 && [1/2] Building CXX object CMakeFiles/cmTC_e8239.dir/src.cxx.o
[2/2] Linking CXX executable cmTC_e8239


...and run output:

Return value: 1
Source file was:

    #include<time.h>
    int main(int, char *[]) {
      time_t t = -14210715; // 1969-07-20 12:34:45
      struct tm *ptm = gmtime(&t);
      return !(ptm && ptm->tm_year == 69);
    }
